[2022-09-25T21:05:18.620] [DEBUG] cheese - login => username:admin,password:123456
[2022-09-25T21:05:18.626] [DEBUG] cheese - admin
[2022-09-25T21:05:18.688] [DEBUG] cheese - null
[2022-09-25T21:05:18.690] [DEBUG] cheese - null
[2022-12-03T18:33:28.150] [DEBUG] cheese - login => username:zs,password:123456
[2022-12-03T18:33:28.153] [DEBUG] cheese - zs
[2022-12-03T18:33:28.168] [DEBUG] cheese - null
[2022-12-03T18:33:28.168] [DEBUG] cheese - null
[2022-12-03T18:33:50.580] [DEBUG] cheese - login => username:admin,password:123456
[2022-12-03T18:33:50.580] [DEBUG] cheese - admin
[2022-12-03T18:33:50.586] [DEBUG] cheese - null
[2022-12-03T18:33:50.586] [DEBUG] cheese - null
[2022-12-03T21:58:39.165] [DEBUG] cheese - login => username:admin,password:123456
[2022-12-03T21:58:39.166] [DEBUG] cheese - admin
[2022-12-03T21:58:39.171] [DEBUG] cheese - null
[2022-12-03T21:58:39.171] [DEBUG] cheese - null
[2022-12-03T22:03:07.192] [DEBUG] cheese - login => username:admin,password:123456
[2022-12-03T22:03:07.192] [DEBUG] cheese - admin
[2022-12-03T22:03:07.195] [DEBUG] cheese - null
[2022-12-03T22:03:07.195] [DEBUG] cheese - null
[2022-12-03T22:16:27.217] [DEBUG] cheese - login => username:admin,password:123456
[2022-12-03T22:16:27.218] [DEBUG] cheese - admin
[2022-12-03T22:16:27.221] [DEBUG] cheese - null
[2022-12-03T22:16:27.221] [DEBUG] cheese - null
[2022-12-03T22:16:32.524] [DEBUG] cheese - login => username:admin,password:123456
[2022-12-03T22:16:32.525] [DEBUG] cheese - admin
[2022-12-03T22:16:32.526] [DEBUG] cheese - null
[2022-12-03T22:16:32.526] [DEBUG] cheese - null
[2022-12-04T09:02:47.670] [DEBUG] cheese - login => username:admin,password:123456
[2022-12-04T09:02:47.671] [DEBUG] cheese - admin
[2022-12-04T09:02:47.691] [DEBUG] cheese - null
[2022-12-04T09:02:47.692] [DEBUG] cheese - null
[2022-12-04T09:07:32.968] [DEBUG] cheese - login => username:admin,password:123456
[2022-12-04T09:07:32.968] [DEBUG] cheese - admin
[2022-12-04T09:07:32.971] [DEBUG] cheese - null
[2022-12-04T09:07:32.971] [DEBUG] cheese - null
[2022-12-04T09:07:47.071] [DEBUG] cheese - login => username:admin,password:123456
[2022-12-04T09:07:47.072] [DEBUG] cheese - admin
[2022-12-04T09:07:47.073] [DEBUG] cheese - null
[2022-12-04T09:07:47.074] [DEBUG] cheese - null
[2022-12-04T09:09:42.607] [DEBUG] cheese - login => username:admin,password:123456
[2022-12-04T09:09:42.607] [DEBUG] cheese - admin
[2022-12-04T09:09:42.610] [DEBUG] cheese - null
[2022-12-04T09:09:42.610] [DEBUG] cheese - null
[2022-12-04T09:12:33.683] [DEBUG] cheese - login => username:admin,password:123456
[2022-12-04T09:12:33.683] [DEBUG] cheese - admin
[2022-12-04T09:12:33.685] [DEBUG] cheese - null
[2022-12-04T09:12:33.685] [DEBUG] cheese - null
[2022-12-04T09:12:56.976] [DEBUG] cheese - login => username:admin,password:123456
[2022-12-04T09:12:56.976] [DEBUG] cheese - admin
[2022-12-04T09:12:56.978] [DEBUG] cheese - null
[2022-12-04T09:12:56.978] [DEBUG] cheese - null
[2022-12-04T09:21:26.755] [DEBUG] cheese - login => username:admin,password:123456
[2022-12-04T09:21:26.755] [DEBUG] cheese - admin
[2022-12-04T09:21:26.757] [DEBUG] cheese - null
[2022-12-04T09:21:26.757] [DEBUG] cheese - null
[2022-12-04T09:31:20.289] [DEBUG] cheese - login => username:admin,password:123456
[2022-12-04T09:31:20.289] [DEBUG] cheese - admin
[2022-12-04T09:31:20.291] [DEBUG] cheese - null
[2022-12-04T09:31:20.291] [DEBUG] cheese - null
[2022-12-04T10:08:30.953] [DEBUG] cheese - login => username:admin,password:123456
[2022-12-04T10:08:30.953] [DEBUG] cheese - admin
[2022-12-04T10:08:30.955] [DEBUG] cheese - null
[2022-12-04T10:08:30.955] [DEBUG] cheese - null
[2022-12-04T10:46:08.033] [DEBUG] cheese - login => username:admin,password:123456
[2022-12-04T10:46:08.033] [DEBUG] cheese - admin
[2022-12-04T10:46:08.035] [DEBUG] cheese - null
[2022-12-04T10:46:08.035] [DEBUG] cheese - null
[2022-12-04T10:52:14.983] [DEBUG] cheese - login => username:admin,password:123456
[2022-12-04T10:52:14.983] [DEBUG] cheese - admin
[2022-12-04T10:52:14.985] [DEBUG] cheese - null
[2022-12-04T10:52:14.986] [DEBUG] cheese - null
[2022-12-04T10:56:05.441] [DEBUG] cheese - login => username:admin,password:123456
[2022-12-04T10:56:05.441] [DEBUG] cheese - admin
[2022-12-04T10:56:05.444] [DEBUG] cheese - null
[2022-12-04T10:56:05.444] [DEBUG] cheese - null
[2022-12-04T11:22:24.074] [DEBUG] cheese - login => username:admin,password:123456
[2022-12-04T11:22:24.074] [DEBUG] cheese - admin
[2022-12-04T11:22:24.076] [DEBUG] cheese - null
[2022-12-04T11:22:24.076] [DEBUG] cheese - null
[2022-12-04T16:58:22.473] [DEBUG] cheese - login => username:admin,password:123456
[2022-12-04T16:58:22.474] [DEBUG] cheese - admin
[2022-12-04T16:58:22.484] [DEBUG] cheese - null
[2022-12-04T16:58:22.485] [DEBUG] cheese - null
[2022-12-04T17:17:29.483] [DEBUG] cheese - login => username:admin,password:123456
[2022-12-04T17:17:29.483] [DEBUG] cheese - admin
[2022-12-04T17:17:29.486] [DEBUG] cheese - null
[2022-12-04T17:17:29.486] [DEBUG] cheese - null
[2022-12-04T18:12:45.212] [DEBUG] cheese - login => username:admin,password:123456
[2022-12-04T18:12:45.213] [DEBUG] cheese - admin
[2022-12-04T18:12:45.216] [DEBUG] cheese - null
[2022-12-04T18:12:45.216] [DEBUG] cheese - null
[2022-12-04T19:32:41.785] [DEBUG] cheese - login => username:admin,password:123456
[2022-12-04T19:32:41.785] [DEBUG] cheese - admin
[2022-12-04T19:32:41.788] [DEBUG] cheese - null
[2022-12-04T19:32:41.789] [DEBUG] cheese - null
[2022-12-04T19:32:43.144] [DEBUG] cheese - login => username:admin,password:123456
[2022-12-04T19:32:43.144] [DEBUG] cheese - admin
[2022-12-04T19:32:43.148] [DEBUG] cheese - null
[2022-12-04T19:32:43.148] [DEBUG] cheese - null
[2022-12-04T21:36:18.060] [DEBUG] cheese - login => username:admin,password:123456
[2022-12-04T21:36:18.060] [DEBUG] cheese - admin
[2022-12-04T21:36:18.063] [DEBUG] cheese - null
[2022-12-04T21:36:18.063] [DEBUG] cheese - null
[2022-12-04T21:38:17.355] [DEBUG] cheese - login => username:admin,password:123456
[2022-12-04T21:38:17.355] [DEBUG] cheese - admin
[2022-12-04T21:38:17.357] [DEBUG] cheese - null
[2022-12-04T21:38:17.357] [DEBUG] cheese - null
[2022-12-04T22:03:52.245] [DEBUG] cheese - login => username:admin,password:123456
[2022-12-04T22:03:52.245] [DEBUG] cheese - admin
[2022-12-04T22:03:52.247] [DEBUG] cheese - null
[2022-12-04T22:03:52.247] [DEBUG] cheese - null
[2022-12-05T09:34:53.078] [DEBUG] cheese - login => username:admin,password:123456
[2022-12-05T09:34:53.078] [DEBUG] cheese - admin
[2022-12-05T09:34:53.081] [DEBUG] cheese - null
[2022-12-05T09:34:53.081] [DEBUG] cheese - null
[2022-12-05T09:34:54.790] [DEBUG] cheese - login => username:admin,password:123456
[2022-12-05T09:34:54.790] [DEBUG] cheese - admin
[2022-12-05T09:34:54.791] [DEBUG] cheese - null
[2022-12-05T09:34:54.791] [DEBUG] cheese - null
[2022-12-05T09:44:44.032] [DEBUG] cheese - login => username:admin,password:123456
[2022-12-05T09:44:44.032] [DEBUG] cheese - admin
[2022-12-05T09:44:44.035] [DEBUG] cheese - null
[2022-12-05T09:44:44.035] [DEBUG] cheese - null
[2022-12-05T10:35:21.816] [DEBUG] cheese - login => username:admin,password:123456
[2022-12-05T10:35:21.816] [DEBUG] cheese - admin
[2022-12-05T10:35:21.818] [DEBUG] cheese - null
[2022-12-05T10:35:21.819] [DEBUG] cheese - null
[2022-12-05T10:44:10.042] [DEBUG] cheese - login => username:admin,password:123456
[2022-12-05T10:44:10.042] [DEBUG] cheese - admin
[2022-12-05T10:44:10.045] [DEBUG] cheese - null
[2022-12-05T10:44:10.045] [DEBUG] cheese - null
[2022-12-05T10:44:11.177] [DEBUG] cheese - login => username:admin,password:123456
[2022-12-05T10:44:11.178] [DEBUG] cheese - admin
[2022-12-05T10:44:11.179] [DEBUG] cheese - null
[2022-12-05T10:44:11.179] [DEBUG] cheese - null
[2022-12-05T10:53:46.307] [DEBUG] cheese - login => username:admin,password:123456
[2022-12-05T10:53:46.307] [DEBUG] cheese - admin
[2022-12-05T10:53:46.309] [DEBUG] cheese - null
[2022-12-05T10:53:46.309] [DEBUG] cheese - null
[2022-12-05T10:54:12.210] [DEBUG] cheese - login => username:admin,password:123456
[2022-12-05T10:54:12.211] [DEBUG] cheese - admin
[2022-12-05T10:54:12.214] [DEBUG] cheese - null
[2022-12-05T10:54:12.214] [DEBUG] cheese - null
[2022-12-05T10:54:14.148] [DEBUG] cheese - login => username:admin,password:123456
[2022-12-05T10:54:14.148] [DEBUG] cheese - admin
[2022-12-05T10:54:14.150] [DEBUG] cheese - null
[2022-12-05T10:54:14.150] [DEBUG] cheese - null
[2022-12-05T16:12:25.036] [DEBUG] cheese - login => username:admin,password:123456
[2022-12-05T16:12:25.036] [DEBUG] cheese - admin
[2022-12-05T16:12:25.039] [DEBUG] cheese - null
[2022-12-05T16:12:25.039] [DEBUG] cheese - null
[2022-12-06T09:58:07.835] [DEBUG] cheese - login => username:admin,password:123456
[2022-12-06T09:58:07.836] [DEBUG] cheese - admin
[2022-12-06T09:58:07.853] [DEBUG] cheese - null
[2022-12-06T09:58:07.853] [DEBUG] cheese - null
[2022-12-06T09:58:07.986] [DEBUG] cheese - login => username:admin,password:123456
[2022-12-06T09:58:07.986] [DEBUG] cheese - admin
[2022-12-06T09:58:07.989] [DEBUG] cheese - null
[2022-12-06T09:58:07.989] [DEBUG] cheese - null
[2022-12-06T10:06:23.682] [DEBUG] cheese - login => username:admin,password:123456
[2022-12-06T10:06:23.683] [DEBUG] cheese - admin
[2022-12-06T10:06:23.685] [DEBUG] cheese - null
[2022-12-06T10:06:23.685] [DEBUG] cheese - null
[2022-12-06T10:06:24.754] [DEBUG] cheese - login => username:admin,password:123456
[2022-12-06T10:06:24.754] [DEBUG] cheese - admin
[2022-12-06T10:06:24.757] [DEBUG] cheese - null
[2022-12-06T10:06:24.757] [DEBUG] cheese - null
[2022-12-06T13:39:01.844] [DEBUG] cheese - login => username:admin,password:123456
[2022-12-06T13:39:01.844] [DEBUG] cheese - admin
[2022-12-06T13:39:01.846] [DEBUG] cheese - null
[2022-12-06T13:39:01.846] [DEBUG] cheese - null
[2022-12-06T13:44:41.870] [DEBUG] cheese - null
[2022-12-06T13:51:47.958] [DEBUG] cheese - null
[2022-12-07T09:24:20.009] [DEBUG] cheese - login => username:admin,password:123456
[2022-12-07T09:24:20.010] [DEBUG] cheese - admin
[2022-12-07T09:24:20.028] [DEBUG] cheese - null
[2022-12-07T09:24:20.029] [DEBUG] cheese - null
[2022-12-07T09:25:13.525] [DEBUG] cheese - login => username:admin,password:123456
[2022-12-07T09:25:13.526] [DEBUG] cheese - admin
[2022-12-07T09:25:13.532] [DEBUG] cheese - null
[2022-12-07T09:25:13.532] [DEBUG] cheese - null
[2022-12-07T10:35:05.727] [DEBUG] cheese - login => username:admin,password:123456
[2022-12-07T10:35:05.727] [DEBUG] cheese - admin
[2022-12-07T10:35:05.731] [DEBUG] cheese - null
[2022-12-07T10:35:05.732] [DEBUG] cheese - null
[2022-12-07T10:35:53.436] [DEBUG] cheese - login => username:admin,password:123456
[2022-12-07T10:35:53.436] [DEBUG] cheese - admin
[2022-12-07T10:35:53.438] [DEBUG] cheese - null
[2022-12-07T10:35:53.438] [DEBUG] cheese - null
[2022-12-07T10:35:54.483] [DEBUG] cheese - login => username:admin,password:123456
[2022-12-07T10:35:54.484] [DEBUG] cheese - admin
[2022-12-07T10:35:54.485] [DEBUG] cheese - null
[2022-12-07T10:35:54.485] [DEBUG] cheese - null
[2022-12-07T10:51:39.707] [DEBUG] cheese - login => username:admin,password:123456
[2022-12-07T10:51:39.708] [DEBUG] cheese - admin
[2022-12-07T10:51:39.711] [DEBUG] cheese - null
[2022-12-07T10:51:39.712] [DEBUG] cheese - null
[2022-12-07T10:51:40.579] [DEBUG] cheese - login => username:admin,password:123456
[2022-12-07T10:51:40.579] [DEBUG] cheese - admin
[2022-12-07T10:51:40.581] [DEBUG] cheese - null
[2022-12-07T10:51:40.581] [DEBUG] cheese - null
[2022-12-08T10:44:35.078] [DEBUG] cheese - login => username:admin,password:123456
[2022-12-08T10:44:35.079] [DEBUG] cheese - admin
[2022-12-08T10:44:35.098] [DEBUG] cheese - null
[2022-12-08T10:44:35.098] [DEBUG] cheese - null
[2022-12-08T14:50:09.759] [DEBUG] cheese - login => username:admin,password:123456
[2022-12-08T14:50:09.760] [DEBUG] cheese - admin
[2022-12-08T14:50:09.763] [DEBUG] cheese - null
[2022-12-08T14:50:09.763] [DEBUG] cheese - null
[2022-12-08T14:50:10.434] [DEBUG] cheese - login => username:admin,password:123456
[2022-12-08T14:50:10.434] [DEBUG] cheese - admin
[2022-12-08T14:50:10.435] [DEBUG] cheese - null
[2022-12-08T14:50:10.435] [DEBUG] cheese - null
[2022-12-08T17:24:20.764] [DEBUG] cheese - login => username:admin,password:123456
[2022-12-08T17:24:20.765] [DEBUG] cheese - admin
[2022-12-08T17:24:20.769] [DEBUG] cheese - null
[2022-12-08T17:24:20.769] [DEBUG] cheese - null
[2022-12-08T17:24:21.617] [DEBUG] cheese - login => username:admin,password:123456
[2022-12-08T17:24:21.617] [DEBUG] cheese - admin
[2022-12-08T17:24:21.619] [DEBUG] cheese - null
[2022-12-08T17:24:21.619] [DEBUG] cheese - null
[2022-12-08T17:26:12.296] [DEBUG] cheese - login => username:admin,password:123456
[2022-12-08T17:26:12.297] [DEBUG] cheese - admin
[2022-12-08T17:26:12.305] [DEBUG] cheese - null
[2022-12-08T17:26:12.305] [DEBUG] cheese - null
[2022-12-08T17:41:18.221] [DEBUG] cheese - login => username:admin,password:123456
[2022-12-08T17:41:18.221] [DEBUG] cheese - admin
[2022-12-08T17:41:18.223] [DEBUG] cheese - null
[2022-12-08T17:41:18.223] [DEBUG] cheese - null
[2022-12-08T17:42:54.053] [DEBUG] cheese - login => username:admin,password:123456
[2022-12-08T17:42:54.054] [DEBUG] cheese - admin
[2022-12-08T17:42:54.057] [DEBUG] cheese - null
[2022-12-08T17:42:54.057] [DEBUG] cheese - null
[2022-12-08T17:42:54.590] [DEBUG] cheese - login => username:admin,password:123456
[2022-12-08T17:42:54.590] [DEBUG] cheese - admin
[2022-12-08T17:42:54.592] [DEBUG] cheese - null
[2022-12-08T17:42:54.592] [DEBUG] cheese - null
[2022-12-08T19:10:21.868] [DEBUG] cheese - login => username:admin,password:123456
[2022-12-08T19:10:21.868] [DEBUG] cheese - admin
[2022-12-08T19:10:21.871] [DEBUG] cheese - null
[2022-12-08T19:10:21.872] [DEBUG] cheese - null
[2022-12-08T19:13:56.197] [DEBUG] cheese - login => username:admin,password:123456
[2022-12-08T19:13:56.197] [DEBUG] cheese - admin
[2022-12-08T19:13:56.199] [DEBUG] cheese - null
[2022-12-08T19:13:56.200] [DEBUG] cheese - null
[2022-12-08T19:13:57.161] [DEBUG] cheese - login => username:admin,password:123456
[2022-12-08T19:13:57.161] [DEBUG] cheese - admin
[2022-12-08T19:13:57.162] [DEBUG] cheese - null
[2022-12-08T19:13:57.162] [DEBUG] cheese - null
[2022-12-08T19:20:29.286] [DEBUG] cheese - login => username:admin,password:123456
[2022-12-08T19:20:29.287] [DEBUG] cheese - admin
[2022-12-08T19:20:29.288] [DEBUG] cheese - null
[2022-12-08T19:20:29.288] [DEBUG] cheese - null
[2022-12-08T19:20:30.291] [DEBUG] cheese - login => username:admin,password:123456
[2022-12-08T19:20:30.291] [DEBUG] cheese - admin
[2022-12-08T19:20:30.293] [DEBUG] cheese - null
[2022-12-08T19:20:30.293] [DEBUG] cheese - null
[2022-12-08T19:23:47.067] [DEBUG] cheese - login => username:admin,password:123456
[2022-12-08T19:23:47.067] [DEBUG] cheese - admin
[2022-12-08T19:23:47.068] [DEBUG] cheese - null
[2022-12-08T19:23:47.069] [DEBUG] cheese - null
[2022-12-08T19:23:48.189] [DEBUG] cheese - login => username:admin,password:123456
[2022-12-08T19:23:48.189] [DEBUG] cheese - admin
[2022-12-08T19:23:48.191] [DEBUG] cheese - null
[2022-12-08T19:23:48.191] [DEBUG] cheese - null
[2022-12-08T19:29:09.887] [DEBUG] cheese - login => username:admin,password:123456
[2022-12-08T19:29:09.887] [DEBUG] cheese - admin
[2022-12-08T19:29:09.888] [DEBUG] cheese - null
[2022-12-08T19:29:09.888] [DEBUG] cheese - null
[2022-12-08T19:29:10.796] [DEBUG] cheese - login => username:admin,password:123456
[2022-12-08T19:29:10.796] [DEBUG] cheese - admin
[2022-12-08T19:29:10.798] [DEBUG] cheese - null
[2022-12-08T19:29:10.798] [DEBUG] cheese - null
[2022-12-08T19:41:20.087] [DEBUG] cheese - login => username:admin,password:123456
[2022-12-08T19:41:20.088] [DEBUG] cheese - admin
[2022-12-08T19:41:20.089] [DEBUG] cheese - null
[2022-12-08T19:41:20.089] [DEBUG] cheese - null
[2022-12-08T19:41:20.633] [DEBUG] cheese - login => username:admin,password:123456
[2022-12-08T19:41:20.633] [DEBUG] cheese - admin
[2022-12-08T19:41:20.634] [DEBUG] cheese - null
[2022-12-08T19:41:20.634] [DEBUG] cheese - null
[2022-12-08T19:45:42.595] [DEBUG] cheese - login => username:admin,password:123456
[2022-12-08T19:45:42.595] [DEBUG] cheese - admin
[2022-12-08T19:45:42.597] [DEBUG] cheese - null
[2022-12-08T19:45:42.597] [DEBUG] cheese - null
[2022-12-08T19:45:43.749] [DEBUG] cheese - login => username:admin,password:123456
[2022-12-08T19:45:43.749] [DEBUG] cheese - admin
[2022-12-08T19:45:43.750] [DEBUG] cheese - null
[2022-12-08T19:45:43.750] [DEBUG] cheese - null
[2022-12-08T20:04:17.308] [DEBUG] cheese - login => username:admin,password:123456
[2022-12-08T20:04:17.308] [DEBUG] cheese - admin
[2022-12-08T20:04:17.310] [DEBUG] cheese - null
[2022-12-08T20:04:17.312] [DEBUG] cheese - null
[2022-12-08T20:04:17.987] [DEBUG] cheese - login => username:admin,password:123456
[2022-12-08T20:04:17.987] [DEBUG] cheese - admin
[2022-12-08T20:04:17.989] [DEBUG] cheese - null
[2022-12-08T20:04:17.989] [DEBUG] cheese - null
[2022-12-08T20:16:43.109] [DEBUG] cheese - login => username:admin,password:123456
[2022-12-08T20:16:43.109] [DEBUG] cheese - admin
[2022-12-08T20:16:43.111] [DEBUG] cheese - null
[2022-12-08T20:16:43.111] [DEBUG] cheese - null
[2022-12-08T20:31:54.381] [DEBUG] cheese - login => username:admin,password:123456
[2022-12-08T20:31:54.381] [DEBUG] cheese - admin
[2022-12-08T20:31:54.384] [DEBUG] cheese - null
[2022-12-08T20:31:54.384] [DEBUG] cheese - null
[2022-12-08T20:31:55.440] [DEBUG] cheese - login => username:admin,password:123456
[2022-12-08T20:31:55.440] [DEBUG] cheese - admin
[2022-12-08T20:31:55.441] [DEBUG] cheese - null
[2022-12-08T20:31:55.441] [DEBUG] cheese - null
[2022-12-08T20:49:26.287] [DEBUG] cheese - login => username:admin,password:123456
[2022-12-08T20:49:26.287] [DEBUG] cheese - admin
[2022-12-08T20:49:26.290] [DEBUG] cheese - null
[2022-12-08T20:49:26.290] [DEBUG] cheese - null
[2022-12-08T20:49:26.774] [DEBUG] cheese - login => username:admin,password:123456
[2022-12-08T20:49:26.774] [DEBUG] cheese - admin
[2022-12-08T20:49:26.776] [DEBUG] cheese - null
[2022-12-08T20:49:26.776] [DEBUG] cheese - null
[2022-12-08T21:14:59.429] [DEBUG] cheese - login => username:admin,password:123456
[2022-12-08T21:14:59.429] [DEBUG] cheese - admin
[2022-12-08T21:14:59.433] [DEBUG] cheese - null
[2022-12-08T21:14:59.433] [DEBUG] cheese - null
[2022-12-08T21:15:00.389] [DEBUG] cheese - login => username:admin,password:123456
[2022-12-08T21:15:00.389] [DEBUG] cheese - admin
[2022-12-08T21:15:00.390] [DEBUG] cheese - null
[2022-12-08T21:15:00.390] [DEBUG] cheese - null
[2022-12-08T21:16:43.119] [DEBUG] cheese - login => username:admin,password:123456
[2022-12-08T21:16:43.119] [DEBUG] cheese - admin
[2022-12-08T21:16:43.121] [DEBUG] cheese - null
[2022-12-08T21:16:43.121] [DEBUG] cheese - null
[2022-12-08T21:16:44.208] [DEBUG] cheese - login => username:admin,password:123456
[2022-12-08T21:16:44.208] [DEBUG] cheese - admin
[2022-12-08T21:16:44.210] [DEBUG] cheese - null
[2022-12-08T21:16:44.210] [DEBUG] cheese - null
[2022-12-08T21:24:03.092] [DEBUG] cheese - login => username:admin,password:123456
[2022-12-08T21:24:03.092] [DEBUG] cheese - admin
[2022-12-08T21:24:03.094] [DEBUG] cheese - null
[2022-12-08T21:24:03.094] [DEBUG] cheese - null
[2022-12-08T21:24:03.905] [DEBUG] cheese - login => username:admin,password:123456
[2022-12-08T21:24:03.905] [DEBUG] cheese - admin
[2022-12-08T21:24:03.907] [DEBUG] cheese - null
[2022-12-08T21:24:03.907] [DEBUG] cheese - null
[2022-12-08T21:24:14.955] [DEBUG] cheese - login => username:admin,password:123456
[2022-12-08T21:24:14.955] [DEBUG] cheese - admin
[2022-12-08T21:24:14.956] [DEBUG] cheese - null
[2022-12-08T21:24:14.956] [DEBUG] cheese - null
[2022-12-08T21:24:15.642] [DEBUG] cheese - login => username:admin,password:123456
[2022-12-08T21:24:15.642] [DEBUG] cheese - admin
[2022-12-08T21:24:15.643] [DEBUG] cheese - null
[2022-12-08T21:24:15.643] [DEBUG] cheese - null
[2022-12-08T21:28:31.369] [DEBUG] cheese - login => username:admin,password:123456
[2022-12-08T21:28:31.370] [DEBUG] cheese - admin
[2022-12-08T21:28:31.372] [DEBUG] cheese - null
[2022-12-08T21:28:31.372] [DEBUG] cheese - null
[2022-12-08T21:28:32.018] [DEBUG] cheese - login => username:admin,password:123456
[2022-12-08T21:28:32.018] [DEBUG] cheese - admin
[2022-12-08T21:28:32.020] [DEBUG] cheese - null
[2022-12-08T21:28:32.020] [DEBUG] cheese - null
[2022-12-08T21:34:17.052] [DEBUG] cheese - login => username:admin,password:123456
[2022-12-08T21:34:17.052] [DEBUG] cheese - admin
[2022-12-08T21:34:17.054] [DEBUG] cheese - null
[2022-12-08T21:34:17.055] [DEBUG] cheese - null
[2022-12-08T21:34:17.327] [DEBUG] cheese - login => username:admin,password:123456
[2022-12-08T21:34:17.327] [DEBUG] cheese - admin
[2022-12-08T21:34:17.329] [DEBUG] cheese - null
[2022-12-08T21:34:17.329] [DEBUG] cheese - null
[2022-12-09T10:05:27.301] [DEBUG] cheese - login => username:admin,password:123456
[2022-12-09T10:05:27.303] [DEBUG] cheese - admin
[2022-12-09T10:05:27.321] [DEBUG] cheese - null
[2022-12-09T10:05:27.322] [DEBUG] cheese - null
[2022-12-09T10:06:12.051] [DEBUG] cheese - login => username:admin,password:123456
[2022-12-09T10:06:12.051] [DEBUG] cheese - admin
[2022-12-09T10:06:12.053] [DEBUG] cheese - null
[2022-12-09T10:06:12.053] [DEBUG] cheese - null
[2022-12-09T10:17:57.454] [DEBUG] cheese - login => username:admin,password:123456
[2022-12-09T10:17:57.454] [DEBUG] cheese - admin
[2022-12-09T10:17:57.457] [DEBUG] cheese - null
[2022-12-09T10:17:57.457] [DEBUG] cheese - null
[2022-12-09T10:17:58.135] [DEBUG] cheese - login => username:admin,password:123456
[2022-12-09T10:17:58.135] [DEBUG] cheese - admin
[2022-12-09T10:17:58.138] [DEBUG] cheese - null
[2022-12-09T10:17:58.138] [DEBUG] cheese - null
[2022-12-09T10:19:36.943] [DEBUG] cheese - login => username:admin,password:123456
[2022-12-09T10:19:36.943] [DEBUG] cheese - admin
[2022-12-09T10:19:36.945] [DEBUG] cheese - null
[2022-12-09T10:19:36.945] [DEBUG] cheese - null
[2022-12-09T10:19:37.356] [DEBUG] cheese - login => username:admin,password:123456
[2022-12-09T10:19:37.356] [DEBUG] cheese - admin
[2022-12-09T10:19:37.358] [DEBUG] cheese - null
[2022-12-09T10:19:37.358] [DEBUG] cheese - null
[2022-12-09T10:32:13.041] [DEBUG] cheese - login => username:admin,password:123456
[2022-12-09T10:32:13.042] [DEBUG] cheese - admin
[2022-12-09T10:32:13.050] [DEBUG] cheese - null
[2022-12-09T10:32:13.050] [DEBUG] cheese - null
[2022-12-09T10:47:05.053] [DEBUG] cheese - login => username:admin,password:123456
[2022-12-09T10:47:05.054] [DEBUG] cheese - admin
[2022-12-09T10:47:05.062] [DEBUG] cheese - null
[2022-12-09T10:47:05.063] [DEBUG] cheese - null
[2022-12-09T12:50:38.713] [DEBUG] cheese - login => username:admin,password:123456
[2022-12-09T12:50:38.715] [DEBUG] cheese - admin
[2022-12-09T12:50:38.725] [DEBUG] cheese - null
[2022-12-09T12:50:38.725] [DEBUG] cheese - null
[2022-12-09T14:13:17.915] [DEBUG] cheese - login => username:admin,password:123456
[2022-12-09T14:13:17.916] [DEBUG] cheese - admin
[2022-12-09T14:13:17.923] [DEBUG] cheese - null
[2022-12-09T14:13:17.924] [DEBUG] cheese - null
[2022-12-09T14:13:57.698] [DEBUG] cheese - login => username:admin,password:123456
[2022-12-09T14:13:57.698] [DEBUG] cheese - admin
[2022-12-09T14:13:57.701] [DEBUG] cheese - null
[2022-12-09T14:13:57.701] [DEBUG] cheese - null
[2022-12-09T14:20:48.471] [DEBUG] cheese - login => username:admin,password:123456
[2022-12-09T14:20:48.471] [DEBUG] cheese - admin
[2022-12-09T14:20:48.475] [DEBUG] cheese - null
[2022-12-09T14:20:48.475] [DEBUG] cheese - null
[2022-12-09T14:20:49.077] [DEBUG] cheese - login => username:admin,password:123456
[2022-12-09T14:20:49.077] [DEBUG] cheese - admin
[2022-12-09T14:20:49.079] [DEBUG] cheese - null
[2022-12-09T14:20:49.080] [DEBUG] cheese - null
[2022-12-09T14:28:02.144] [DEBUG] cheese - login => username:admin,password:123456
[2022-12-09T14:28:02.144] [DEBUG] cheese - admin
[2022-12-09T14:28:02.146] [DEBUG] cheese - null
[2022-12-09T14:28:02.146] [DEBUG] cheese - null
[2022-12-09T14:49:05.004] [DEBUG] cheese - login => username:admin,password:123456
[2022-12-09T14:49:05.004] [DEBUG] cheese - admin
[2022-12-09T14:49:05.006] [DEBUG] cheese - null
[2022-12-09T14:49:05.007] [DEBUG] cheese - null
[2022-12-09T14:56:54.787] [DEBUG] cheese - login => username:admin,password:123456
[2022-12-09T14:56:54.787] [DEBUG] cheese - admin
[2022-12-09T14:56:54.789] [DEBUG] cheese - null
[2022-12-09T14:56:54.789] [DEBUG] cheese - null
[2022-12-09T15:00:16.849] [DEBUG] cheese - login => username:admin,password:123456
[2022-12-09T15:00:16.850] [DEBUG] cheese - admin
[2022-12-09T15:00:16.851] [DEBUG] cheese - null
[2022-12-09T15:00:16.851] [DEBUG] cheese - null
[2022-12-09T15:03:14.576] [DEBUG] cheese - login => username:admin,password:123456
[2022-12-09T15:03:14.577] [DEBUG] cheese - admin
[2022-12-09T15:03:14.580] [DEBUG] cheese - null
[2022-12-09T15:03:14.580] [DEBUG] cheese - null
[2022-12-09T15:03:15.368] [DEBUG] cheese - login => username:admin,password:123456
[2022-12-09T15:03:15.368] [DEBUG] cheese - admin
[2022-12-09T15:03:15.370] [DEBUG] cheese - null
[2022-12-09T15:03:15.370] [DEBUG] cheese - null
[2022-12-09T15:37:03.583] [DEBUG] cheese - login => username:admin,password:123456
[2022-12-09T15:37:03.583] [DEBUG] cheese - admin
[2022-12-09T15:37:03.586] [DEBUG] cheese - null
[2022-12-09T15:37:03.586] [DEBUG] cheese - null
[2022-12-09T15:37:04.112] [DEBUG] cheese - login => username:admin,password:123456
[2022-12-09T15:37:04.112] [DEBUG] cheese - admin
[2022-12-09T15:37:04.114] [DEBUG] cheese - null
[2022-12-09T15:37:04.114] [DEBUG] cheese - null
[2022-12-09T15:37:22.090] [DEBUG] cheese - login => username:admin,password:123456
[2022-12-09T15:37:22.090] [DEBUG] cheese - admin
[2022-12-09T15:37:22.092] [DEBUG] cheese - null
[2022-12-09T15:37:22.092] [DEBUG] cheese - null
[2022-12-09T15:50:19.722] [DEBUG] cheese - login => username:admin,password:123456
[2022-12-09T15:50:19.723] [DEBUG] cheese - admin
[2022-12-09T15:50:19.730] [DEBUG] cheese - null
[2022-12-09T15:50:19.731] [DEBUG] cheese - null
[2022-12-09T18:23:13.118] [DEBUG] cheese - login => username:admin,password:123456
[2022-12-09T18:23:13.119] [DEBUG] cheese - admin
[2022-12-09T18:23:13.127] [DEBUG] cheese - null
[2022-12-09T18:23:13.127] [DEBUG] cheese - null
[2022-12-09T18:41:07.836] [DEBUG] cheese - login => username:admin,password:123456
[2022-12-09T18:41:07.836] [DEBUG] cheese - admin
[2022-12-09T18:41:07.840] [DEBUG] cheese - null
[2022-12-09T18:41:07.840] [DEBUG] cheese - null
[2022-12-09T18:41:08.696] [DEBUG] cheese - login => username:admin,password:123456
[2022-12-09T18:41:08.696] [DEBUG] cheese - admin
[2022-12-09T18:41:08.699] [DEBUG] cheese - null
[2022-12-09T18:41:08.699] [DEBUG] cheese - null
[2022-12-09T18:47:18.678] [DEBUG] cheese - login => username:admin,password:123456
[2022-12-09T18:47:18.679] [DEBUG] cheese - admin
[2022-12-09T18:47:18.687] [DEBUG] cheese - null
[2022-12-09T18:47:18.687] [DEBUG] cheese - null
[2022-12-09T19:18:30.698] [DEBUG] cheese - login => username:admin,password:123456
[2022-12-09T19:18:30.699] [DEBUG] cheese - admin
[2022-12-09T19:18:30.708] [DEBUG] cheese - null
[2022-12-09T19:18:30.709] [DEBUG] cheese - null
[2022-12-09T20:16:46.545] [DEBUG] cheese - login => username:admin,password:123456
[2022-12-09T20:16:46.546] [DEBUG] cheese - admin
[2022-12-09T20:16:46.555] [DEBUG] cheese - null
[2022-12-09T20:16:46.555] [DEBUG] cheese - null
[2022-12-09T20:54:07.271] [DEBUG] cheese - login => username:admin,password:123456
[2022-12-09T20:54:07.272] [DEBUG] cheese - admin
[2022-12-09T20:54:07.280] [DEBUG] cheese - null
[2022-12-09T20:54:07.280] [DEBUG] cheese - null
[2022-12-10T18:53:14.534] [DEBUG] cheese - login => username:admin,password:123456
[2022-12-10T18:53:14.535] [DEBUG] cheese - admin
[2022-12-10T18:53:14.542] [DEBUG] cheese - null
[2022-12-10T18:53:14.542] [DEBUG] cheese - null
[2022-12-10T18:53:14.751] [DEBUG] cheese - login => username:admin,password:123456
[2022-12-10T18:53:14.751] [DEBUG] cheese - admin
[2022-12-10T18:53:14.753] [DEBUG] cheese - null
[2022-12-10T18:53:14.754] [DEBUG] cheese - null
[2023-01-11T13:26:04.070] [DEBUG] cheese - login => username:admin,password:123456
[2023-01-11T13:26:04.071] [DEBUG] cheese - admin
[2023-01-11T13:26:04.090] [DEBUG] cheese - null
[2023-01-11T13:26:04.091] [DEBUG] cheese - null
[2023-01-17T12:17:28.296] [DEBUG] cheese - login => username:admin,password:123456
[2023-01-17T12:17:28.297] [DEBUG] cheese - admin
[2023-01-17T12:17:28.316] [DEBUG] cheese - null
[2023-01-17T12:17:28.316] [DEBUG] cheese - null
[2023-01-17T12:24:08.881] [DEBUG] cheese - login => username:admin,password:123456
[2023-01-17T12:24:08.882] [DEBUG] cheese - admin
[2023-01-17T12:24:08.885] [DEBUG] cheese - null
[2023-01-17T12:24:08.885] [DEBUG] cheese - null
[2023-02-19T17:11:40.761] [DEBUG] cheese - login => username:admin,password:123456
[2023-02-19T17:11:40.762] [DEBUG] cheese - admin
[2023-02-19T17:11:40.780] [DEBUG] cheese - null
[2023-02-19T17:11:40.780] [DEBUG] cheese - null
[2023-02-19T17:15:38.029] [DEBUG] cheese - login => username:admin,password:123456
[2023-02-19T17:15:38.029] [DEBUG] cheese - admin
[2023-02-19T17:15:38.031] [DEBUG] cheese - null
[2023-02-19T17:15:38.031] [DEBUG] cheese - null
[2023-03-04T11:13:41.098] [DEBUG] cheese - login => username:admin,password:123456
[2023-03-04T11:13:41.099] [DEBUG] cheese - admin
[2023-03-04T11:13:41.118] [DEBUG] cheese - null
[2023-03-04T11:13:41.119] [DEBUG] cheese - null
[2023-03-04T11:17:53.791] [DEBUG] cheese - login => username:admin,password:123456
[2023-03-04T11:17:53.791] [DEBUG] cheese - admin
[2023-03-04T11:17:53.794] [DEBUG] cheese - null
[2023-03-04T11:17:53.794] [DEBUG] cheese - null
[2023-03-04T11:52:23.462] [DEBUG] cheese - login => username:admin,password:123456
[2023-03-04T11:52:23.463] [DEBUG] cheese - admin
[2023-03-04T11:52:23.465] [DEBUG] cheese - null
[2023-03-04T11:52:23.465] [DEBUG] cheese - null
[2023-03-04T11:52:31.561] [DEBUG] cheese - login => username:admin,password:123456
[2023-03-04T11:52:31.561] [DEBUG] cheese - admin
[2023-03-04T11:52:31.562] [DEBUG] cheese - null
[2023-03-04T11:52:31.562] [DEBUG] cheese - null
[2023-03-10T18:53:32.731] [DEBUG] cheese - login => username:admin,password:123456
[2023-03-10T18:53:32.732] [DEBUG] cheese - admin
[2023-03-10T18:53:32.742] [DEBUG] cheese - null
[2023-03-10T18:53:32.743] [DEBUG] cheese - null
[2023-03-10T18:54:00.664] [DEBUG] cheese - login => username:admin,password:123456
[2023-03-10T18:54:00.664] [DEBUG] cheese - admin
[2023-03-10T18:54:00.668] [DEBUG] cheese - null
[2023-03-10T18:54:00.668] [DEBUG] cheese - null
[2023-03-10T18:54:01.111] [DEBUG] cheese - login => username:admin,password:123456
[2023-03-10T18:54:01.111] [DEBUG] cheese - admin
[2023-03-10T18:54:01.113] [DEBUG] cheese - null
[2023-03-10T18:54:01.113] [DEBUG] cheese - null
[2023-03-10T19:20:23.534] [DEBUG] cheese - login => username:admin,password:123456
[2023-03-10T19:20:23.535] [DEBUG] cheese - admin
[2023-03-10T19:20:23.543] [DEBUG] cheese - null
[2023-03-10T19:20:23.543] [DEBUG] cheese - null
[2023-03-10T19:33:59.974] [DEBUG] cheese - login => username:admin,password:123456
[2023-03-10T19:33:59.975] [DEBUG] cheese - admin
[2023-03-10T19:33:59.984] [DEBUG] cheese - null
[2023-03-10T19:33:59.985] [DEBUG] cheese - null
[2023-03-10T19:35:00.197] [DEBUG] cheese - login => username:admin,password:123456
[2023-03-10T19:35:00.198] [DEBUG] cheese - admin
[2023-03-10T19:35:00.200] [DEBUG] cheese - null
[2023-03-10T19:35:00.200] [DEBUG] cheese - null
[2023-03-11T12:49:42.270] [DEBUG] cheese - login => username:admin,password:123456
[2023-03-11T12:49:42.272] [DEBUG] cheese - admin
[2023-03-11T12:49:42.286] [DEBUG] cheese - null
[2023-03-11T12:49:42.286] [DEBUG] cheese - null
[2023-03-15T10:18:55.048] [DEBUG] cheese - login => username:admin,password:123456
[2023-03-15T10:18:55.050] [DEBUG] cheese - admin
[2023-03-15T10:18:55.073] [DEBUG] cheese - null
[2023-03-15T10:18:55.074] [DEBUG] cheese - null
[2023-03-15T10:18:56.623] [DEBUG] cheese - login => username:admin,password:123456
[2023-03-15T10:18:56.623] [DEBUG] cheese - admin
[2023-03-15T10:18:56.626] [DEBUG] cheese - null
[2023-03-15T10:18:56.626] [DEBUG] cheese - null
